<!DOCTYPE html PUBLIC "-//W3C//DTD XHTML 1.1//EN" "https://www.w3.org/TR/xhtml11/DTD/xhtml11.dtd">
<html xmlns="https://www.w3.org/1999/xhtml">
<head>
<meta http-equiv="content-type" content="text/html; charset=UTF-8"/>
<title>TestNG Report</title>
<style type="text/css">table {margin-bottom:10px;border-collapse:collapse;empty-cells:show}th,td {border:1px solid #009;padding:.25em .5em}th {vertical-align:bottom}td {vertical-align:top}table a {font-weight:bold}.stripe td {background-color: #E6EBF9}.num {text-align:right}.passedodd td {background-color: #3F3}.passedeven td {background-color: #0A0}.skippedodd td {background-color: #DDD}.skippedeven td {background-color: #CCC}.failedodd td,.attn {background-color: #F33}.failedeven td,.stripe .attn {background-color: #D00}.stacktrace {white-space:pre;font-family:monospace}.totop {font-size:85%;text-align:center;border-bottom:2px solid #000}.invisible {display:none}</style>
</head>
<body>
<table>
<tr><th>Test</th><th># Passed</th><th># Skipped</th><th># Retried</th><th># Failed</th><th>Time (ms)</th><th>Included Groups</th><th>Excluded Groups</th></tr>
<tr><th colspan="8">InternetBankingV1</th></tr>
<tr><td><a href="#t0">BankingApp Test</a></td><td class="num">4</td><td class="num">0</td><td class="num">0</td><td class="num attn">4</td><td class="num">111,845</td><td></td><td></td></tr>
</table>
<table id='summary'><thead><tr><th>Class</th><th>Method</th><th>Start</th><th>Time (ms)</th></tr></thead><tbody><tr><th colspan="4">InternetBankingV1</th></tr></tbody><tbody id="t0"><tr><th colspan="4">BankingApp Test &#8212; failed</th></tr><tr class="failedeven"><td rowspan="4">com.inetbanking.testCases.TC_LoginDDT_002</td><td><a href="#m0">loginDDT</a></td><td rowspan="4">1691130084384</td><td rowspan="4">7077</td></tr><tr class="failedeven"><td><a href="#m1">loginDDT</a></td></tr><tr class="failedeven"><td><a href="#m2">loginDDT</a></td></tr><tr class="failedeven"><td><a href="#m3">loginDDT</a></td></tr><tr><th colspan="4">BankingApp Test &#8212; passed</th></tr><tr class="passedeven"><td rowspan="1">com.inetbanking.testCases.TC_AddCustomerTest_003</td><td><a href="#m4">addNewCustomer</a></td><td rowspan="1">1691130130888</td><td rowspan="1">31645</td></tr><tr class="passedodd"><td rowspan="2">com.inetbanking.testCases.TC_LoginDDT_002</td><td><a href="#m5">loginDDT</a></td><td rowspan="2">1691130071941</td><td rowspan="2">12442</td></tr><tr class="passedodd"><td><a href="#m6">loginDDT</a></td></tr><tr class="passedeven"><td rowspan="1">com.inetbanking.testCases.TC_LoginTest_001</td><td><a href="#m7">loginTest</a></td><td rowspan="1">1691130060685</td><td rowspan="1">2923</td></tr></tbody>
</table>
<h2>BankingApp Test</h2><h3 id="m0">com.inetbanking.testCases.TC_LoginDDT_002#loginDDT</h3><table class="result"><tr class="param"><th>Parameter #1</th><th>Parameter #2</th></tr><tr class="param stripe"><td>mngr164230</td><td>qwKwuqi</td></tr><tr><th colspan="2">Exception</th></tr><tr><td colspan="2"><div class="stacktrace">java.lang.AssertionError
	at org.junit.Assert.fail(Assert.java:86)
	at org.junit.Assert.assertTrue(Assert.java:41)
	at org.junit.Assert.assertTrue(Assert.java:52)
	at com.inetbanking.testCases.TC_LoginDDT_002.loginDDT(TC_LoginDDT_002.java:29)
	at java.base/java.util.ArrayList.forEach(ArrayList.java:1511)
... Removed 31 stack frames</div></td></tr></table><p class="totop"><a href="#summary">back to summary</a></p>
<h3 id="m1">com.inetbanking.testCases.TC_LoginDDT_002#loginDDT</h3><table class="result"><tr class="param"><th>Parameter #1</th><th>Parameter #2</th></tr><tr class="param stripe"><td>null</td><td>null</td></tr><tr><th colspan="2">Exception</th></tr><tr><td colspan="2"><div class="stacktrace">java.lang.IllegalArgumentException: Keys to send should be a not null CharSequence
	at org.openqa.selenium.remote.RemoteWebElement.sendKeys(RemoteWebElement.java:98)
	at org.openqa.selenium.support.pagefactory.internal.LocatingElementHandler.invoke(LocatingElementHandler.java:52)
	at jdk.proxy2/jdk.proxy2.$Proxy18.sendKeys(Unknown Source)
	at com.inetbanking.pageObjects.LoginPage.setUserName(LoginPage.java:36)
	at com.inetbanking.testCases.TC_LoginDDT_002.loginDDT(TC_LoginDDT_002.java:17)
	at java.base/java.util.ArrayList.forEach(ArrayList.java:1511)
... Removed 35 stack frames</div></td></tr></table><p class="totop"><a href="#summary">back to summary</a></p>
<h3 id="m2">com.inetbanking.testCases.TC_LoginDDT_002#loginDDT</h3><table class="result"><tr class="param"><th>Parameter #1</th><th>Parameter #2</th></tr><tr class="param stripe"><td>mngr176827</td><td>ojdLdPr</td></tr><tr><th colspan="2">Exception</th></tr><tr><td colspan="2"><div class="stacktrace">java.lang.AssertionError
	at org.junit.Assert.fail(Assert.java:86)
	at org.junit.Assert.assertTrue(Assert.java:41)
	at org.junit.Assert.assertTrue(Assert.java:52)
	at com.inetbanking.testCases.TC_LoginDDT_002.loginDDT(TC_LoginDDT_002.java:29)
	at java.base/java.util.ArrayList.forEach(ArrayList.java:1511)
... Removed 31 stack frames</div></td></tr></table><p class="totop"><a href="#summary">back to summary</a></p>
<h3 id="m3">com.inetbanking.testCases.TC_LoginDDT_002#loginDDT</h3><table class="result"><tr class="param"><th>Parameter #1</th><th>Parameter #2</th></tr><tr class="param stripe"><td>mngr906582</td><td>jnjbOjs</td></tr><tr><th colspan="2">Exception</th></tr><tr><td colspan="2"><div class="stacktrace">java.lang.AssertionError
	at org.junit.Assert.fail(Assert.java:86)
	at org.junit.Assert.assertTrue(Assert.java:41)
	at org.junit.Assert.assertTrue(Assert.java:52)
	at com.inetbanking.testCases.TC_LoginDDT_002.loginDDT(TC_LoginDDT_002.java:29)
	at java.base/java.util.ArrayList.forEach(ArrayList.java:1511)
... Removed 31 stack frames</div></td></tr></table><p class="totop"><a href="#summary">back to summary</a></p>
<h3 id="m4">com.inetbanking.testCases.TC_AddCustomerTest_003#addNewCustomer</h3><table class="result"><tr><th class="invisible"/></tr></table><p class="totop"><a href="#summary">back to summary</a></p>
<h3 id="m5">com.inetbanking.testCases.TC_LoginDDT_002#loginDDT</h3><table class="result"><tr class="param"><th>Parameter #1</th><th>Parameter #2</th></tr><tr class="param stripe"><td>mngr517930</td><td>emetare</td></tr></table><p class="totop"><a href="#summary">back to summary</a></p>
<h3 id="m6">com.inetbanking.testCases.TC_LoginDDT_002#loginDDT</h3><table class="result"><tr class="param"><th>Parameter #1</th><th>Parameter #2</th></tr><tr class="param stripe"><td>mngr517930</td><td>emetare</td></tr></table><p class="totop"><a href="#summary">back to summary</a></p>
<h3 id="m7">com.inetbanking.testCases.TC_LoginTest_001#loginTest</h3><table class="result"><tr><th class="invisible"/></tr></table><p class="totop"><a href="#summary">back to summary</a></p>
</body>
</html>
